<?xml version="1.0" encoding="UTF-8"?>
<!-- Generated by org.testng.reporters.JUnitReportReporter -->
<testsuite hostname="User" failures="0" tests="2" name="testNGbasics.Annotations" time="0.209" errors="0" timestamp="2023-07-18T23:23:22 EDT" skipped="0">
  <testcase classname="testNGbasics.Annotations" name="test1" time="0.123"/>
  <testcase classname="testNGbasics.Annotations" name="test2" time="0.086"/>
</testsuite> <!-- testNGbasics.Annotations -->
