<?xml version="1.0" encoding="UTF-8"?>
<!-- Generated by org.testng.reporters.JUnitReportReporter -->
<testsuite hostname="User" failures="0" tests="17" name="testNGbasics.DataDrivenTesting" time="145.326" errors="0" timestamp="2023-07-25T22:40:19 EDT" skipped="0">
  <testcase classname="testNGbasics.DataDrivenTesting" name="positiveSearchFunctionalityTestByHittingEnterKey" time="13.079"/>
  <testcase classname="testNGbasics.DataDrivenTesting" name="positiveSearchFunctionalityTestByHittingEnterKey" time="7.424"/>
  <testcase classname="testNGbasics.DataDrivenTesting" name="positiveSearchFunctionalityTestByHittingEnterKey" time="6.636"/>
  <testcase classname="testNGbasics.DataDrivenTesting" name="positiveSearchFunctionalityTestByHittingEnterKey" time="7.652"/>
  <testcase classname="testNGbasics.DataDrivenTesting" name="positiveSearchFunctionalityTestByHittingEnterKey" time="7.384"/>
  <testcase classname="testNGbasics.DataDrivenTesting" name="searchFunctionalityUIelementValidation" time="19.106"/>
  <testcase classname="testNGbasics.DataDrivenTesting" name="positiveSearchFunctionalityTestByClickingSearchBtn" time="10.159"/>
  <testcase classname="testNGbasics.DataDrivenTesting" name="positiveSearchFunctionalityTestByClickingSearchBtn" time="8.324"/>
  <testcase classname="testNGbasics.DataDrivenTesting" name="positiveSearchFunctionalityTestByClickingSearchBtn" time="7.157"/>
  <testcase classname="testNGbasics.DataDrivenTesting" name="positiveSearchFunctionalityTestByClickingSearchBtn" time="9.151"/>
  <testcase classname="testNGbasics.DataDrivenTesting" name="positiveSearchFunctionalityTestByClickingSearchBtn" time="9.046"/>
  <testcase classname="testNGbasics.DataDrivenTesting" name="negativeSearchFunctionalityTestByHittingEnterKey" time="6.887"/>
  <testcase classname="testNGbasics.DataDrivenTesting" name="negativeSearchFunctionalityTestByHittingEnterKey" time="7.154"/>
  <testcase classname="testNGbasics.DataDrivenTesting" name="negativeSearchFunctionalityTestByHittingEnterKey" time="6.391"/>
  <testcase classname="testNGbasics.DataDrivenTesting" name="negativeSearchFunctionalityTestByClickingSearchBtn" time="6.873"/>
  <testcase classname="testNGbasics.DataDrivenTesting" name="negativeSearchFunctionalityTestByClickingSearchBtn" time="6.285"/>
  <testcase classname="testNGbasics.DataDrivenTesting" name="negativeSearchFunctionalityTestByClickingSearchBtn" time="6.618"/>
</testsuite> <!-- testNGbasics.DataDrivenTesting -->
